[11-Dec-2023 22:39:09 UTC] PHP Warning:  Undefined variable $qsid in C:\Users\33674\Local Sites\planty-fm\app\public\wp-content\plugins\child-theme-configurator\includes\classes\CSS.php on line 958
[11-Dec-2023 22:39:09 UTC] PHP Warning:  Undefined variable $qsid in C:\Users\33674\Local Sites\planty-fm\app\public\wp-content\plugins\child-theme-configurator\includes\classes\CSS.php on line 960
[11-Dec-2023 22:39:09 UTC] PHP Warning:  Undefined variable $qsid in C:\Users\33674\Local Sites\planty-fm\app\public\wp-content\plugins\child-theme-configurator\includes\classes\CSS.php on line 967
[11-Dec-2023 22:39:09 UTC] PHP Warning:  Undefined variable $qsid in C:\Users\33674\Local Sites\planty-fm\app\public\wp-content\plugins\child-theme-configurator\includes\classes\CSS.php on line 968
[11-Dec-2023 22:39:09 UTC] PHP Warning:  Undefined variable $qsid in C:\Users\33674\Local Sites\planty-fm\app\public\wp-content\plugins\child-theme-configurator\includes\classes\CSS.php on line 971
[14-Dec-2023 16:59:01 UTC] PHP Warning:  Undefined variable $qsid in C:\Users\33674\Local Sites\planty-fm\app\public\wp-content\plugins\child-theme-configurator\includes\classes\CSS.php on line 958
[14-Dec-2023 16:59:01 UTC] PHP Warning:  Undefined variable $qsid in C:\Users\33674\Local Sites\planty-fm\app\public\wp-content\plugins\child-theme-configurator\includes\classes\CSS.php on line 960
[14-Dec-2023 16:59:01 UTC] PHP Warning:  Undefined variable $qsid in C:\Users\33674\Local Sites\planty-fm\app\public\wp-content\plugins\child-theme-configurator\includes\classes\CSS.php on line 967
[14-Dec-2023 16:59:01 UTC] PHP Warning:  Undefined variable $qsid in C:\Users\33674\Local Sites\planty-fm\app\public\wp-content\plugins\child-theme-configurator\includes\classes\CSS.php on line 968
[14-Dec-2023 16:59:01 UTC] PHP Warning:  Undefined variable $qsid in C:\Users\33674\Local Sites\planty-fm\app\public\wp-content\plugins\child-theme-configurator\includes\classes\CSS.php on line 971
[14-Dec-2023 17:02:32 UTC] PHP Warning:  Undefined variable $qsid in C:\Users\33674\Local Sites\planty-fm\app\public\wp-content\plugins\child-theme-configurator\includes\classes\CSS.php on line 958
[14-Dec-2023 17:02:32 UTC] PHP Warning:  Undefined variable $qsid in C:\Users\33674\Local Sites\planty-fm\app\public\wp-content\plugins\child-theme-configurator\includes\classes\CSS.php on line 960
[14-Dec-2023 17:02:32 UTC] PHP Warning:  Undefined variable $qsid in C:\Users\33674\Local Sites\planty-fm\app\public\wp-content\plugins\child-theme-configurator\includes\classes\CSS.php on line 967
[14-Dec-2023 17:02:32 UTC] PHP Warning:  Undefined variable $qsid in C:\Users\33674\Local Sites\planty-fm\app\public\wp-content\plugins\child-theme-configurator\includes\classes\CSS.php on line 968
[14-Dec-2023 17:02:32 UTC] PHP Warning:  Undefined variable $qsid in C:\Users\33674\Local Sites\planty-fm\app\public\wp-content\plugins\child-theme-configurator\includes\classes\CSS.php on line 971
[18-Dec-2023 22:00:27 UTC] Erreur d’événement de replanification de tâche pour le crochet fluentform_do_scheduled_tasks. Code d’erreur : could_not_set. Message d’erreur : La liste des évènements planifiés n’a pas pu être sauvegardée.. Données : {"schedule":"ff_every_five_minutes","args":[],"interval":300}
[18-Dec-2023 22:00:27 UTC] Erreur d’événement de déplanification de tâche pour le crochet fluentform_do_scheduled_tasks. Code d’erreur : could_not_set. Message d’erreur : La liste des évènements planifiés n’a pas pu être sauvegardée.. Données : {"schedule":"ff_every_five_minutes","args":[],"interval":300}
[18-Dec-2023 22:00:27 UTC] Erreur d’événement de replanification de tâche pour le crochet wp_privacy_delete_old_export_files. Code d’erreur : could_not_set. Message d’erreur : La liste des évènements planifiés n’a pas pu être sauvegardée.. Données : {"schedule":"hourly","args":[],"interval":3600}
[18-Dec-2023 22:00:27 UTC] Erreur d’événement de déplanification de tâche pour le crochet wp_privacy_delete_old_export_files. Code d’erreur : could_not_set. Message d’erreur : La liste des évènements planifiés n’a pas pu être sauvegardée.. Données : {"schedule":"hourly","args":[],"interval":3600}
[18-Dec-2023 22:00:27 UTC] Erreur d’événement de replanification de tâche pour le crochet wp_version_check. Code d’erreur : could_not_set. Message d’erreur : La liste des évènements planifiés n’a pas pu être sauvegardée.. Données : {"schedule":"twicedaily","args":[],"interval":43200}
[18-Dec-2023 22:00:27 UTC] Erreur d’événement de replanification de tâche pour le crochet wp_update_themes. Code d’erreur : could_not_set. Message d’erreur : La liste des évènements planifiés n’a pas pu être sauvegardée.. Données : {"schedule":"twicedaily","args":[],"interval":43200}
[24-Dec-2023 07:11:18 UTC] Erreur d’événement de replanification de tâche pour le crochet action_scheduler_run_queue. Code d’erreur : could_not_set. Message d’erreur : La liste des évènements planifiés n’a pas pu être sauvegardée.. Données : {"schedule":"every_minute","args":["WP Cron"],"interval":60}
[24-Dec-2023 07:11:18 UTC] Erreur d’événement de replanification de tâche pour le crochet wp_privacy_delete_old_export_files. Code d’erreur : could_not_set. Message d’erreur : La liste des évènements planifiés n’a pas pu être sauvegardée.. Données : {"schedule":"hourly","args":[],"interval":3600}
[28-Dec-2023 10:04:03 UTC] Erreur d’événement de replanification de tâche pour le crochet action_scheduler_run_queue. Code d’erreur : could_not_set. Message d’erreur : La liste des évènements planifiés n’a pas pu être sauvegardée.. Données : {"schedule":"every_minute","args":["WP Cron"],"interval":60}
[28-Dec-2023 10:04:03 UTC] Erreur d’événement de replanification de tâche pour le crochet fluentform_do_scheduled_tasks. Code d’erreur : could_not_set. Message d’erreur : La liste des évènements planifiés n’a pas pu être sauvegardée.. Données : {"schedule":"ff_every_five_minutes","args":[],"interval":300}
[28-Dec-2023 10:04:03 UTC] Erreur d’événement de déplanification de tâche pour le crochet fluentform_do_scheduled_tasks. Code d’erreur : could_not_set. Message d’erreur : La liste des évènements planifiés n’a pas pu être sauvegardée.. Données : {"schedule":"ff_every_five_minutes","args":[],"interval":300}
[28-Dec-2023 10:04:06 UTC] Erreur d’événement de replanification de tâche pour le crochet recovery_mode_clean_expired_keys. Code d’erreur : could_not_set. Message d’erreur : La liste des évènements planifiés n’a pas pu être sauvegardée.. Données : {"schedule":"daily","args":[],"interval":86400}
[28-Dec-2023 11:54:57 UTC] PHP Warning:  Undefined variable $email_from_name in C:\Users\33674\Local Sites\planty-fm\app\public\wp-content\plugins\royal-elementor-addons\classes\modules\forms\wpr-send-email.php on line 230
[28-Dec-2023 11:54:57 UTC] PHP Warning:  Undefined variable $email_from_mail in C:\Users\33674\Local Sites\planty-fm\app\public\wp-content\plugins\royal-elementor-addons\classes\modules\forms\wpr-send-email.php on line 230
[28-Dec-2023 11:54:57 UTC] PHP Warning:  Undefined variable $reply_to in C:\Users\33674\Local Sites\planty-fm\app\public\wp-content\plugins\royal-elementor-addons\classes\modules\forms\wpr-send-email.php on line 232
[04-Jan-2024 11:06:25 UTC] Sync process for Gutenberg Blocks has started.
[04-Jan-2024 11:06:25 UTC] CATEGORY: Storing in option ast-block-templates-categories
[04-Jan-2024 11:06:25 UTC] BLOCK: Requests count 8
[04-Jan-2024 11:06:25 UTC] BLOCK: Importing request 1 ..
[04-Jan-2024 11:06:25 UTC] BLOCK: https://websitedemos.net/wp-json/astra-blocks/v2/blocks/?page_builder=gutenberg&per_page=30&page=1&wireframe=yes
[04-Jan-2024 11:06:25 UTC] BLOCK: Storing in option ast-block-templates-blocks-1
[04-Jan-2024 11:06:26 UTC] BLOCK: Completed request 1
[04-Jan-2024 11:06:26 UTC] BLOCK: Importing request 2 ..
[04-Jan-2024 11:06:26 UTC] BLOCK: https://websitedemos.net/wp-json/astra-blocks/v2/blocks/?page_builder=gutenberg&per_page=30&page=2&wireframe=yes
[04-Jan-2024 11:06:27 UTC] BLOCK: Storing in option ast-block-templates-blocks-2
[04-Jan-2024 11:06:28 UTC] BLOCK: Completed request 2
[04-Jan-2024 11:06:28 UTC] BLOCK: Importing request 3 ..
[04-Jan-2024 11:06:28 UTC] BLOCK: https://websitedemos.net/wp-json/astra-blocks/v2/blocks/?page_builder=gutenberg&per_page=30&page=3&wireframe=yes
[04-Jan-2024 11:06:29 UTC] BLOCK: Storing in option ast-block-templates-blocks-3
[04-Jan-2024 11:06:29 UTC] BLOCK: Completed request 3
[04-Jan-2024 11:06:29 UTC] BLOCK: Importing request 4 ..
[04-Jan-2024 11:06:29 UTC] BLOCK: https://websitedemos.net/wp-json/astra-blocks/v2/blocks/?page_builder=gutenberg&per_page=30&page=4&wireframe=yes
[04-Jan-2024 11:06:30 UTC] BLOCK: Storing in option ast-block-templates-blocks-4
[04-Jan-2024 11:06:30 UTC] BLOCK: Completed request 4
[04-Jan-2024 11:06:30 UTC] BLOCK: Importing request 5 ..
[04-Jan-2024 11:06:30 UTC] BLOCK: https://websitedemos.net/wp-json/astra-blocks/v2/blocks/?page_builder=gutenberg&per_page=30&page=5&wireframe=yes
[04-Jan-2024 11:06:30 UTC] BLOCK: Storing in option ast-block-templates-blocks-5
[04-Jan-2024 11:06:30 UTC] BLOCK: Completed request 5
[04-Jan-2024 11:06:30 UTC] BLOCK: Importing request 6 ..
[04-Jan-2024 11:06:30 UTC] BLOCK: https://websitedemos.net/wp-json/astra-blocks/v2/blocks/?page_builder=gutenberg&per_page=30&page=6&wireframe=yes
[04-Jan-2024 11:06:31 UTC] BLOCK: Storing in option ast-block-templates-blocks-6
[04-Jan-2024 11:06:31 UTC] BLOCK: Completed request 6
[04-Jan-2024 11:06:31 UTC] BLOCK: Importing request 7 ..
[04-Jan-2024 11:06:31 UTC] BLOCK: https://websitedemos.net/wp-json/astra-blocks/v2/blocks/?page_builder=gutenberg&per_page=30&page=7&wireframe=yes
[04-Jan-2024 11:06:31 UTC] BLOCK: Storing in option ast-block-templates-blocks-7
[04-Jan-2024 11:06:32 UTC] BLOCK: Completed request 7
[04-Jan-2024 11:06:32 UTC] BLOCK: Importing request 8 ..
[04-Jan-2024 11:06:32 UTC] BLOCK: https://websitedemos.net/wp-json/astra-blocks/v2/blocks/?page_builder=gutenberg&per_page=30&page=8&wireframe=yes
[04-Jan-2024 11:06:32 UTC] BLOCK: Storing in option ast-block-templates-blocks-8
[04-Jan-2024 11:06:32 UTC] BLOCK: Completed request 8
[04-Jan-2024 11:06:32 UTC] SITE: Getting Total Sites
[04-Jan-2024 11:06:32 UTC] SITE: https://websitedemos.net/wp-json/astra-sites/v1/get-total-pages/?page_builder=gutenberg&per_page=30
[04-Jan-2024 11:06:32 UTC] SITE: Request count 7
[04-Jan-2024 11:06:32 UTC] SITE: Importing request 1 ..
[04-Jan-2024 11:06:32 UTC] SITE: https://websitedemos.net/wp-json/astra-sites/v1/sites-and-pages/?per_page=30&page=1&page-builder=gutenberg
[04-Jan-2024 11:06:32 UTC] SITE: Storing in option ast-block-templates-sites-1
[04-Jan-2024 11:06:32 UTC] SITE: Completed request 1
[04-Jan-2024 11:06:32 UTC] SITE: Importing request 2 ..
[04-Jan-2024 11:06:32 UTC] SITE: https://websitedemos.net/wp-json/astra-sites/v1/sites-and-pages/?per_page=30&page=2&page-builder=gutenberg
[04-Jan-2024 11:06:32 UTC] SITE: Storing in option ast-block-templates-sites-2
[04-Jan-2024 11:06:32 UTC] SITE: Completed request 2
[04-Jan-2024 11:06:32 UTC] SITE: Importing request 3 ..
[04-Jan-2024 11:06:32 UTC] SITE: https://websitedemos.net/wp-json/astra-sites/v1/sites-and-pages/?per_page=30&page=3&page-builder=gutenberg
[04-Jan-2024 11:06:32 UTC] SITE: Storing in option ast-block-templates-sites-3
[04-Jan-2024 11:06:32 UTC] SITE: Completed request 3
[04-Jan-2024 11:06:32 UTC] SITE: Importing request 4 ..
[04-Jan-2024 11:06:32 UTC] SITE: https://websitedemos.net/wp-json/astra-sites/v1/sites-and-pages/?per_page=30&page=4&page-builder=gutenberg
[04-Jan-2024 11:06:33 UTC] SITE: Storing in option ast-block-templates-sites-4
[04-Jan-2024 11:06:33 UTC] SITE: Completed request 4
[04-Jan-2024 11:06:33 UTC] SITE: Importing request 5 ..
[04-Jan-2024 11:06:33 UTC] SITE: https://websitedemos.net/wp-json/astra-sites/v1/sites-and-pages/?per_page=30&page=5&page-builder=gutenberg
[04-Jan-2024 11:06:33 UTC] SITE: Storing in option ast-block-templates-sites-5
[04-Jan-2024 11:06:33 UTC] SITE: Completed request 5
[04-Jan-2024 11:06:33 UTC] SITE: Importing request 6 ..
[04-Jan-2024 11:06:33 UTC] SITE: https://websitedemos.net/wp-json/astra-sites/v1/sites-and-pages/?per_page=30&page=6&page-builder=gutenberg
[04-Jan-2024 11:06:33 UTC] SITE: Storing in option ast-block-templates-sites-6
[04-Jan-2024 11:06:33 UTC] SITE: Completed request 6
[04-Jan-2024 11:06:33 UTC] SITE: Importing request 7 ..
[04-Jan-2024 11:06:33 UTC] SITE: https://websitedemos.net/wp-json/astra-sites/v1/sites-and-pages/?per_page=30&page=7&page-builder=gutenberg
[04-Jan-2024 11:06:33 UTC] SITE: Storing in option ast-block-templates-sites-7
[04-Jan-2024 11:06:33 UTC] SITE: Completed request 7
[04-Jan-2024 11:06:33 UTC] Sync process for Gutenberg Blocks is done.
[04-Jan-2024 11:06:33 UTC] BLOCK: Getting Server Custimizer CSS
[04-Jan-2024 11:06:33 UTC] BLOCK: https://websitedemos.net/wp-json/astra-blocks/v2/get-customizer-css
[04-Jan-2024 11:06:37 UTC] Blocks are up to date.
[06-Jan-2024 14:37:06 UTC] PHP Fatal error:  Uncaught TypeError: call_user_func_array(): Argument #1 ($callback) must be a valid callback, function "hide_admin_link" not found or invalid function name in C:\Users\33674\Local Sites\planty-fm\app\public\wp-includes\class-wp-hook.php:324
Stack trace:
#0 C:\Users\33674\Local Sites\planty-fm\app\public\wp-includes\plugin.php(205): WP_Hook->apply_filters('<li id="menu-it...', Array)
#1 C:\Users\33674\Local Sites\planty-fm\app\public\wp-includes\nav-menu-template.php(267): apply_filters('wp_nav_menu_ite...', '<li id="menu-it...', Object(stdClass))
#2 C:\Users\33674\Local Sites\planty-fm\app\public\wp-content\themes\astra\inc\builder\type\header\menu\class-astra-header-menu-component.php(131): wp_nav_menu(Object(stdClass))
#3 C:\Users\33674\Local Sites\planty-fm\app\public\wp-content\themes\astra\inc\builder\markup\class-astra-builder-header.php(128): Astra_Header_Menu_Component::menu_markup(1, 'desktop')
#4 C:\Users\33674\Local Sites\planty-fm\app\public\wp-includes\class-wp-hook.php(324): Astra_Builder_Header->__call('menu_1', Array)
#5 C:\Users\33674\Local Sites\planty-fm\app\public\wp-includes\class-wp-hook.php(348): WP_Hook->apply_filters('', Array)
#6 C:\Users\33674\Local Sites\planty-fm\app\public\wp-includes\plugin.php(517): WP_Hook->do_action(Array)
#7 C:\Users\33674\Local Sites\planty-fm\app\public\wp-content\themes\astra\template-parts\header\builder\components.php(44): do_action('astra_header_me...', 'desktop')
#8 C:\Users\33674\Local Sites\planty-fm\app\public\wp-includes\template.php(792): require('C:\\Users\\33674\\...')
#9 C:\Users\33674\Local Sites\planty-fm\app\public\wp-includes\template.php(725): load_template('C:\\Users\\33674\\...', false, Array)
#10 C:\Users\33674\Local Sites\planty-fm\app\public\wp-includes\general-template.php(206): locate_template(Array, true, false, Array)
#11 C:\Users\33674\Local Sites\planty-fm\app\public\wp-content\themes\astra\inc\core\builder\class-astra-builder-helper.php(932): get_template_part('template-parts/...', '', Array)
#12 C:\Users\33674\Local Sites\planty-fm\app\public\wp-content\themes\astra\inc\builder\markup\class-astra-builder-header.php(236): Astra_Builder_Helper::render_builder_markup('primary', 'right', 'desktop', 'header')
#13 C:\Users\33674\Local Sites\planty-fm\app\public\wp-includes\class-wp-hook.php(324): Astra_Builder_Header->render_column('primary', 'right')
#14 C:\Users\33674\Local Sites\planty-fm\app\public\wp-includes\class-wp-hook.php(348): WP_Hook->apply_filters('', Array)
#15 C:\Users\33674\Local Sites\planty-fm\app\public\wp-includes\plugin.php(517): WP_Hook->do_action(Array)
#16 C:\Users\33674\Local Sites\planty-fm\app\public\wp-content\themes\astra\template-parts\header\builder\header-row.php(84): do_action('astra_render_he...', 'primary', 'right')
#17 C:\Users\33674\Local Sites\planty-fm\app\public\wp-includes\template.php(792): require('C:\\Users\\33674\\...')
#18 C:\Users\33674\Local Sites\planty-fm\app\public\wp-includes\template.php(725): load_template('C:\\Users\\33674\\...', false, Array)
#19 C:\Users\33674\Local Sites\planty-fm\app\public\wp-includes\general-template.php(206): locate_template(Array, true, false, Array)
#20 C:\Users\33674\Local Sites\planty-fm\app\public\wp-content\themes\astra\inc\builder\markup\class-astra-builder-header.php(284): get_template_part('template-parts/...', 'row', Array)
#21 C:\Users\33674\Local Sites\planty-fm\app\public\wp-includes\class-wp-hook.php(324): Astra_Builder_Header->primary_header('')
#22 C:\Users\33674\Local Sites\planty-fm\app\public\wp-includes\class-wp-hook.php(348): WP_Hook->apply_filters('', Array)
#23 C:\Users\33674\Local Sites\planty-fm\app\public\wp-includes\plugin.php(517): WP_Hook->do_action(Array)
#24 C:\Users\33674\Local Sites\planty-fm\app\public\wp-content\themes\astra\template-parts\header\builder\desktop-builder-layout.php(27): do_action('astra_primary_h...')
#25 C:\Users\33674\Local Sites\planty-fm\app\public\wp-includes\template.php(792): require('C:\\Users\\33674\\...')
#26 C:\Users\33674\Local Sites\planty-fm\app\public\wp-includes\template.php(725): load_template('C:\\Users\\33674\\...', false, Array)
#27 C:\Users\33674\Local Sites\planty-fm\app\public\wp-includes\general-template.php(206): locate_template(Array, true, false, Array)
#28 C:\Users\33674\Local Sites\planty-fm\app\public\wp-content\themes\astra\inc\builder\markup\class-astra-builder-header.php(243): get_template_part('template-parts/...')
#29 C:\Users\33674\Local Sites\planty-fm\app\public\wp-includes\class-wp-hook.php(324): Astra_Builder_Header->desktop_header('')
#30 C:\Users\33674\Local Sites\planty-fm\app\public\wp-includes\class-wp-hook.php(348): WP_Hook->apply_filters('', Array)
#31 C:\Users\33674\Local Sites\planty-fm\app\public\wp-includes\plugin.php(517): WP_Hook->do_action(Array)
#32 C:\Users\33674\Local Sites\planty-fm\app\public\wp-content\themes\astra\inc\core\theme-hooks.php(159): do_action('astra_masthead')
#33 C:\Users\33674\Local Sites\planty-fm\app\public\wp-content\themes\astra\inc\markup-extras.php(1019): astra_masthead()
#34 C:\Users\33674\Local Sites\planty-fm\app\public\wp-includes\class-wp-hook.php(324): astra_header_markup('')
#35 C:\Users\33674\Local Sites\planty-fm\app\public\wp-includes\class-wp-hook.php(348): WP_Hook->apply_filters(NULL, Array)
#36 C:\Users\33674\Local Sites\planty-fm\app\public\wp-includes\plugin.php(517): WP_Hook->do_action(Array)
#37 C:\Users\33674\Local Sites\planty-fm\app\public\wp-content\themes\astra\inc\core\theme-hooks.php(145): do_action('astra_header')
#38 C:\Users\33674\Local Sites\planty-fm\app\public\wp-content\themes\Planty-astra-child\header.php(59): astra_header()
#39 C:\Users\33674\Local Sites\planty-fm\app\public\wp-includes\template.php(790): require_once('C:\\Users\\33674\\...')
#40 C:\Users\33674\Local Sites\planty-fm\app\public\wp-includes\template.php(725): load_template('C:\\Users\\33674\\...', true, Array)
#41 C:\Users\33674\Local Sites\planty-fm\app\public\wp-includes\general-template.php(48): locate_template(Array, true, true, Array)
#42 C:\Users\33674\Local Sites\planty-fm\app\public\wp-content\plugins\elementor\modules\page-templates\templates\header-footer.php(9): get_header()
#43 C:\Users\33674\Local Sites\planty-fm\app\public\wp-includes\template-loader.php(106): include('C:\\Users\\33674\\...')
#44 C:\Users\33674\Local Sites\planty-fm\app\public\wp-blog-header.php(19): require_once('C:\\Users\\33674\\...')
#45 C:\Users\33674\Local Sites\planty-fm\app\public\index.php(17): require('C:\\Users\\33674\\...')
#46 {main}
  thrown in C:\Users\33674\Local Sites\planty-fm\app\public\wp-includes\class-wp-hook.php on line 324
[06-Jan-2024 15:40:03 UTC] PHP Fatal error:  Cannot redeclare remove_admin_menu_item() (previously declared in C:\Users\33674\Local Sites\planty-fm\app\public\wp-content\themes\Planty-astra-child\functions.php:30) in C:\Users\33674\Local Sites\planty-fm\app\public\wp-content\themes\astra\functions.php on line 193
[06-Jan-2024 15:40:03 UTC] PHP Fatal error:  Cannot redeclare remove_admin_menu_item() (previously declared in C:\Users\33674\Local Sites\planty-fm\app\public\wp-content\themes\Planty-astra-child\functions.php:30) in C:\Users\33674\Local Sites\planty-fm\app\public\wp-content\themes\astra\functions.php on line 193
[06-Jan-2024 21:15:17 UTC] PHP Parse error:  syntax error, unexpected variable "$items", expecting ")" in C:\Users\33674\Local Sites\planty-fm\app\public\wp-content\themes\Planty-astra-child\functions.php on line 26
[06-Jan-2024 21:15:17 UTC] PHP Parse error:  syntax error, unexpected variable "$items", expecting ")" in C:\Users\33674\Local Sites\planty-fm\app\public\wp-content\themes\Planty-astra-child\functions.php on line 26
[06-Jan-2024 22:04:19 UTC] PHP Fatal error:  Uncaught TypeError: call_user_func_array(): Argument #1 ($callback) must be a valid callback, function "ajouter_lien_contact" not found or invalid function name in C:\Users\33674\Local Sites\planty-fm\app\public\wp-includes\class-wp-hook.php:324
Stack trace:
#0 C:\Users\33674\Local Sites\planty-fm\app\public\wp-includes\plugin.php(205): WP_Hook->apply_filters('<li id="menu-it...', Array)
#1 C:\Users\33674\Local Sites\planty-fm\app\public\wp-includes\nav-menu-template.php(267): apply_filters('wp_nav_menu_ite...', '<li id="menu-it...', Object(stdClass))
#2 C:\Users\33674\Local Sites\planty-fm\app\public\wp-content\themes\astra\inc\builder\type\header\menu\class-astra-header-menu-component.php(131): wp_nav_menu(Object(stdClass))
#3 C:\Users\33674\Local Sites\planty-fm\app\public\wp-content\themes\astra\inc\builder\markup\class-astra-builder-header.php(128): Astra_Header_Menu_Component::menu_markup(1, 'desktop')
#4 C:\Users\33674\Local Sites\planty-fm\app\public\wp-includes\class-wp-hook.php(324): Astra_Builder_Header->__call('menu_1', Array)
#5 C:\Users\33674\Local Sites\planty-fm\app\public\wp-includes\class-wp-hook.php(348): WP_Hook->apply_filters('', Array)
#6 C:\Users\33674\Local Sites\planty-fm\app\public\wp-includes\plugin.php(517): WP_Hook->do_action(Array)
#7 C:\Users\33674\Local Sites\planty-fm\app\public\wp-content\themes\astra\template-parts\header\builder\components.php(44): do_action('astra_header_me...', 'desktop')
#8 C:\Users\33674\Local Sites\planty-fm\app\public\wp-includes\template.php(792): require('C:\\Users\\33674\\...')
#9 C:\Users\33674\Local Sites\planty-fm\app\public\wp-includes\template.php(725): load_template('C:\\Users\\33674\\...', false, Array)
#10 C:\Users\33674\Local Sites\planty-fm\app\public\wp-includes\general-template.php(206): locate_template(Array, true, false, Array)
#11 C:\Users\33674\Local Sites\planty-fm\app\public\wp-content\themes\astra\inc\core\builder\class-astra-builder-helper.php(932): get_template_part('template-parts/...', '', Array)
#12 C:\Users\33674\Local Sites\planty-fm\app\public\wp-content\themes\astra\inc\builder\markup\class-astra-builder-header.php(236): Astra_Builder_Helper::render_builder_markup('primary', 'right', 'desktop', 'header')
#13 C:\Users\33674\Local Sites\planty-fm\app\public\wp-includes\class-wp-hook.php(324): Astra_Builder_Header->render_column('primary', 'right')
#14 C:\Users\33674\Local Sites\planty-fm\app\public\wp-includes\class-wp-hook.php(348): WP_Hook->apply_filters('', Array)
#15 C:\Users\33674\Local Sites\planty-fm\app\public\wp-includes\plugin.php(517): WP_Hook->do_action(Array)
#16 C:\Users\33674\Local Sites\planty-fm\app\public\wp-content\themes\astra\template-parts\header\builder\header-row.php(84): do_action('astra_render_he...', 'primary', 'right')
#17 C:\Users\33674\Local Sites\planty-fm\app\public\wp-includes\template.php(792): require('C:\\Users\\33674\\...')
#18 C:\Users\33674\Local Sites\planty-fm\app\public\wp-includes\template.php(725): load_template('C:\\Users\\33674\\...', false, Array)
#19 C:\Users\33674\Local Sites\planty-fm\app\public\wp-includes\general-template.php(206): locate_template(Array, true, false, Array)
#20 C:\Users\33674\Local Sites\planty-fm\app\public\wp-content\themes\astra\inc\builder\markup\class-astra-builder-header.php(284): get_template_part('template-parts/...', 'row', Array)
#21 C:\Users\33674\Local Sites\planty-fm\app\public\wp-includes\class-wp-hook.php(324): Astra_Builder_Header->primary_header('')
#22 C:\Users\33674\Local Sites\planty-fm\app\public\wp-includes\class-wp-hook.php(348): WP_Hook->apply_filters('', Array)
#23 C:\Users\33674\Local Sites\planty-fm\app\public\wp-includes\plugin.php(517): WP_Hook->do_action(Array)
#24 C:\Users\33674\Local Sites\planty-fm\app\public\wp-content\themes\astra\template-parts\header\builder\desktop-builder-layout.php(27): do_action('astra_primary_h...')
#25 C:\Users\33674\Local Sites\planty-fm\app\public\wp-includes\template.php(792): require('C:\\Users\\33674\\...')
#26 C:\Users\33674\Local Sites\planty-fm\app\public\wp-includes\template.php(725): load_template('C:\\Users\\33674\\...', false, Array)
#27 C:\Users\33674\Local Sites\planty-fm\app\public\wp-includes\general-template.php(206): locate_template(Array, true, false, Array)
#28 C:\Users\33674\Local Sites\planty-fm\app\public\wp-content\themes\astra\inc\builder\markup\class-astra-builder-header.php(243): get_template_part('template-parts/...')
#29 C:\Users\33674\Local Sites\planty-fm\app\public\wp-includes\class-wp-hook.php(324): Astra_Builder_Header->desktop_header('')
#30 C:\Users\33674\Local Sites\planty-fm\app\public\wp-includes\class-wp-hook.php(348): WP_Hook->apply_filters('', Array)
#31 C:\Users\33674\Local Sites\planty-fm\app\public\wp-includes\plugin.php(517): WP_Hook->do_action(Array)
#32 C:\Users\33674\Local Sites\planty-fm\app\public\wp-content\themes\astra\inc\core\theme-hooks.php(159): do_action('astra_masthead')
#33 C:\Users\33674\Local Sites\planty-fm\app\public\wp-content\themes\astra\inc\markup-extras.php(1019): astra_masthead()
#34 C:\Users\33674\Local Sites\planty-fm\app\public\wp-includes\class-wp-hook.php(324): astra_header_markup('')
#35 C:\Users\33674\Local Sites\planty-fm\app\public\wp-includes\class-wp-hook.php(348): WP_Hook->apply_filters(NULL, Array)
#36 C:\Users\33674\Local Sites\planty-fm\app\public\wp-includes\plugin.php(517): WP_Hook->do_action(Array)
#37 C:\Users\33674\Local Sites\planty-fm\app\public\wp-content\themes\astra\inc\core\theme-hooks.php(145): do_action('astra_header')
#38 C:\Users\33674\Local Sites\planty-fm\app\public\wp-content\themes\Planty-astra-child\header.php(58): astra_header()
#39 C:\Users\33674\Local Sites\planty-fm\app\public\wp-includes\template.php(790): require_once('C:\\Users\\33674\\...')
#40 C:\Users\33674\Local Sites\planty-fm\app\public\wp-includes\template.php(725): load_template('C:\\Users\\33674\\...', true, Array)
#41 C:\Users\33674\Local Sites\planty-fm\app\public\wp-includes\general-template.php(48): locate_template(Array, true, true, Array)
#42 C:\Users\33674\Local Sites\planty-fm\app\public\wp-content\plugins\elementor\modules\page-templates\templates\header-footer.php(9): get_header()
#43 C:\Users\33674\Local Sites\planty-fm\app\public\wp-includes\template-loader.php(106): include('C:\\Users\\33674\\...')
#44 C:\Users\33674\Local Sites\planty-fm\app\public\wp-blog-header.php(19): require_once('C:\\Users\\33674\\...')
#45 C:\Users\33674\Local Sites\planty-fm\app\public\index.php(17): require('C:\\Users\\33674\\...')
#46 {main}
  thrown in C:\Users\33674\Local Sites\planty-fm\app\public\wp-includes\class-wp-hook.php on line 324
[07-Jan-2024 18:19:40 UTC] PHP Fatal error:  Uncaught ArgumentCountError: Too few arguments to function ajouter_lien_admin(), 1 passed in C:\Users\33674\Local Sites\planty-fm\app\public\wp-includes\class-wp-hook.php on line 326 and exactly 2 expected in C:\Users\33674\Local Sites\planty-fm\app\public\wp-content\themes\Planty-astra-child\functions.php:28
Stack trace:
#0 C:\Users\33674\Local Sites\planty-fm\app\public\wp-includes\class-wp-hook.php(326): ajouter_lien_admin('<li id="menu-it...')
#1 C:\Users\33674\Local Sites\planty-fm\app\public\wp-includes\plugin.php(205): WP_Hook->apply_filters('<li id="menu-it...', Array)
#2 C:\Users\33674\Local Sites\planty-fm\app\public\wp-includes\nav-menu-template.php(267): apply_filters('wp_nav_menu_ite...', '<li id="menu-it...', Object(stdClass))
#3 C:\Users\33674\Local Sites\planty-fm\app\public\wp-content\themes\astra\inc\builder\type\header\menu\class-astra-header-menu-component.php(131): wp_nav_menu(Object(stdClass))
#4 C:\Users\33674\Local Sites\planty-fm\app\public\wp-content\themes\astra\inc\builder\markup\class-astra-builder-header.php(128): Astra_Header_Menu_Component::menu_markup(1, 'desktop')
#5 C:\Users\33674\Local Sites\planty-fm\app\public\wp-includes\class-wp-hook.php(324): Astra_Builder_Header->__call('menu_1', Array)
#6 C:\Users\33674\Local Sites\planty-fm\app\public\wp-includes\class-wp-hook.php(348): WP_Hook->apply_filters('', Array)
#7 C:\Users\33674\Local Sites\planty-fm\app\public\wp-includes\plugin.php(517): WP_Hook->do_action(Array)
#8 C:\Users\33674\Local Sites\planty-fm\app\public\wp-content\themes\astra\template-parts\header\builder\components.php(44): do_action('astra_header_me...', 'desktop')
#9 C:\Users\33674\Local Sites\planty-fm\app\public\wp-includes\template.php(792): require('C:\\Users\\33674\\...')
#10 C:\Users\33674\Local Sites\planty-fm\app\public\wp-includes\template.php(725): load_template('C:\\Users\\33674\\...', false, Array)
#11 C:\Users\33674\Local Sites\planty-fm\app\public\wp-includes\general-template.php(206): locate_template(Array, true, false, Array)
#12 C:\Users\33674\Local Sites\planty-fm\app\public\wp-content\themes\astra\inc\core\builder\class-astra-builder-helper.php(932): get_template_part('template-parts/...', '', Array)
#13 C:\Users\33674\Local Sites\planty-fm\app\public\wp-content\themes\astra\inc\builder\markup\class-astra-builder-header.php(236): Astra_Builder_Helper::render_builder_markup('primary', 'right', 'desktop', 'header')
#14 C:\Users\33674\Local Sites\planty-fm\app\public\wp-includes\class-wp-hook.php(324): Astra_Builder_Header->render_column('primary', 'right')
#15 C:\Users\33674\Local Sites\planty-fm\app\public\wp-includes\class-wp-hook.php(348): WP_Hook->apply_filters('', Array)
#16 C:\Users\33674\Local Sites\planty-fm\app\public\wp-includes\plugin.php(517): WP_Hook->do_action(Array)
#17 C:\Users\33674\Local Sites\planty-fm\app\public\wp-content\themes\astra\template-parts\header\builder\header-row.php(84): do_action('astra_render_he...', 'primary', 'right')
#18 C:\Users\33674\Local Sites\planty-fm\app\public\wp-includes\template.php(792): require('C:\\Users\\33674\\...')
#19 C:\Users\33674\Local Sites\planty-fm\app\public\wp-includes\template.php(725): load_template('C:\\Users\\33674\\...', false, Array)
#20 C:\Users\33674\Local Sites\planty-fm\app\public\wp-includes\general-template.php(206): locate_template(Array, true, false, Array)
#21 C:\Users\33674\Local Sites\planty-fm\app\public\wp-content\themes\astra\inc\builder\markup\class-astra-builder-header.php(284): get_template_part('template-parts/...', 'row', Array)
#22 C:\Users\33674\Local Sites\planty-fm\app\public\wp-includes\class-wp-hook.php(324): Astra_Builder_Header->primary_header('')
#23 C:\Users\33674\Local Sites\planty-fm\app\public\wp-includes\class-wp-hook.php(348): WP_Hook->apply_filters('', Array)
#24 C:\Users\33674\Local Sites\planty-fm\app\public\wp-includes\plugin.php(517): WP_Hook->do_action(Array)
#25 C:\Users\33674\Local Sites\planty-fm\app\public\wp-content\themes\astra\template-parts\header\builder\desktop-builder-layout.php(27): do_action('astra_primary_h...')
#26 C:\Users\33674\Local Sites\planty-fm\app\public\wp-includes\template.php(792): require('C:\\Users\\33674\\...')
#27 C:\Users\33674\Local Sites\planty-fm\app\public\wp-includes\template.php(725): load_template('C:\\Users\\33674\\...', false, Array)
#28 C:\Users\33674\Local Sites\planty-fm\app\public\wp-includes\general-template.php(206): locate_template(Array, true, false, Array)
#29 C:\Users\33674\Local Sites\planty-fm\app\public\wp-content\themes\astra\inc\builder\markup\class-astra-builder-header.php(243): get_template_part('template-parts/...')
#30 C:\Users\33674\Local Sites\planty-fm\app\public\wp-includes\class-wp-hook.php(324): Astra_Builder_Header->desktop_header('')
#31 C:\Users\33674\Local Sites\planty-fm\app\public\wp-includes\class-wp-hook.php(348): WP_Hook->apply_filters('', Array)
#32 C:\Users\33674\Local Sites\planty-fm\app\public\wp-includes\plugin.php(517): WP_Hook->do_action(Array)
#33 C:\Users\33674\Local Sites\planty-fm\app\public\wp-content\themes\astra\inc\core\theme-hooks.php(159): do_action('astra_masthead')
#34 C:\Users\33674\Local Sites\planty-fm\app\public\wp-content\themes\astra\inc\markup-extras.php(1019): astra_masthead()
#35 C:\Users\33674\Local Sites\planty-fm\app\public\wp-includes\class-wp-hook.php(324): astra_header_markup('')
#36 C:\Users\33674\Local Sites\planty-fm\app\public\wp-includes\class-wp-hook.php(348): WP_Hook->apply_filters(NULL, Array)
#37 C:\Users\33674\Local Sites\planty-fm\app\public\wp-includes\plugin.php(517): WP_Hook->do_action(Array)
#38 C:\Users\33674\Local Sites\planty-fm\app\public\wp-content\themes\astra\inc\core\theme-hooks.php(145): do_action('astra_header')
#39 C:\Users\33674\Local Sites\planty-fm\app\public\wp-content\themes\Planty-astra-child\header.php(58): astra_header()
#40 C:\Users\33674\Local Sites\planty-fm\app\public\wp-includes\template.php(790): require_once('C:\\Users\\33674\\...')
#41 C:\Users\33674\Local Sites\planty-fm\app\public\wp-includes\template.php(725): load_template('C:\\Users\\33674\\...', true, Array)
#42 C:\Users\33674\Local Sites\planty-fm\app\public\wp-includes\general-template.php(48): locate_template(Array, true, true, Array)
#43 C:\Users\33674\Local Sites\planty-fm\app\public\wp-content\plugins\elementor\modules\page-templates\templates\header-footer.php(9): get_header()
#44 C:\Users\33674\Local Sites\planty-fm\app\public\wp-includes\template-loader.php(106): include('C:\\Users\\33674\\...')
#45 C:\Users\33674\Local Sites\planty-fm\app\public\wp-blog-header.php(19): require_once('C:\\Users\\33674\\...')
#46 C:\Users\33674\Local Sites\planty-fm\app\public\index.php(17): require('C:\\Users\\33674\\...')
#47 {main}
  thrown in C:\Users\33674\Local Sites\planty-fm\app\public\wp-content\themes\Planty-astra-child\functions.php on line 28
[07-Jan-2024 22:49:36 UTC] PHP Warning:  Undefined array key "editor_post_id" in C:\Users\33674\Local Sites\planty-fm\app\public\wp-content\plugins\elementor\modules\history\revisions-manager.php on line 363
[08-Jan-2024 18:14:01 UTC] Erreur d’événement de replanification de tâche pour le crochet fluentform_do_scheduled_tasks. Code d’erreur : could_not_set. Message d’erreur : La liste des évènements planifiés n’a pas pu être sauvegardée.. Données : {"schedule":"ff_every_five_minutes","args":[],"interval":300}
[08-Jan-2024 19:51:06 UTC] PHP Warning:  Undefined variable $reply_to_address in C:\Users\33674\Local Sites\planty-fm\app\public\wp-content\plugins\royal-elementor-addons\classes\modules\forms\wpr-send-email.php on line 215
[08-Jan-2024 19:51:06 UTC] PHP Warning:  Undefined variable $email_from_name in C:\Users\33674\Local Sites\planty-fm\app\public\wp-content\plugins\royal-elementor-addons\classes\modules\forms\wpr-send-email.php on line 219
[08-Jan-2024 19:51:06 UTC] PHP Warning:  Undefined variable $email_from_mail in C:\Users\33674\Local Sites\planty-fm\app\public\wp-content\plugins\royal-elementor-addons\classes\modules\forms\wpr-send-email.php on line 223
[10-Jan-2024 11:20:32 UTC] PHP Warning:  Attempt to read property "title" on null in C:\Users\33674\Local Sites\planty-fm\app\public\wp-includes\class-wp-customize-widgets.php on line 905
[10-Jan-2024 11:21:08 UTC] PHP Warning:  Attempt to read property "title" on null in C:\Users\33674\Local Sites\planty-fm\app\public\wp-includes\class-wp-customize-widgets.php on line 905
[10-Jan-2024 17:29:59 UTC] PHP Warning:  Undefined variable $reply_to_address in C:\Users\33674\Local Sites\planty-fm\app\public\wp-content\plugins\royal-elementor-addons\classes\modules\forms\wpr-send-email.php on line 215
[10-Jan-2024 17:29:59 UTC] PHP Warning:  Undefined variable $email_from_name in C:\Users\33674\Local Sites\planty-fm\app\public\wp-content\plugins\royal-elementor-addons\classes\modules\forms\wpr-send-email.php on line 219
[10-Jan-2024 17:29:59 UTC] PHP Warning:  Undefined variable $email_from_mail in C:\Users\33674\Local Sites\planty-fm\app\public\wp-content\plugins\royal-elementor-addons\classes\modules\forms\wpr-send-email.php on line 223
